app/build/outputs/logs/manifest-merger-debug-report.txt
-- Merging decision tree log ---
manifest
ADDED from src\main\AndroidManifest.xml:2:1-60:12
	package
		ADDED from src\main\AndroidManifest.xml:3:7-49
		INJECTED from src\main\AndroidManifest.xml
		INJECTED from src\main\AndroidManifest.xml
	android:versionName
		ADDED from src\main\AndroidManifest.xml:5:7-32
		INJECTED from src\main\AndroidManifest.xml
		INJECTED from src\main\AndroidManifest.xml
	android:versionCode
		ADDED from src\main\AndroidManifest.xml:4:7-30
		INJECTED from src\main\AndroidManifest.xml
		INJECTED from src\main\AndroidManifest.xml
	xmlns:android
		ADDED from src\main\AndroidManifest.xml:2:11-69
uses-sdk
ADDED from src\main\AndroidManifest.xml:7:5-43
	android:targetSdkVersion
		INJECTED from src\main\AndroidManifest.xml
		INJECTED from src\main\AndroidManifest.xml
	android:minSdkVersion
		ADDED from src\main\AndroidManifest.xml:7:15-41
		INJECTED from src\main\AndroidManifest.xml
		INJECTED from src\main\AndroidManifest.xml
uses-permission#android.permission.PROCESS_OUTGOING_CALLS
ADDED from src\main\AndroidManifest.xml:9:5-80
	android:name
		ADDED from src\main\AndroidManifest.xml:9:22-78
uses-permission#android.permission.READ_PHONE_STATE
ADDED from src\main\AndroidManifest.xml:10:5-74
	android:name
		ADDED from src\main\AndroidManifest.xml:10:22-72
uses-permission#android.permission.RECORD_AUDIO
ADDED from src\main\AndroidManifest.xml:11:5-70
	android:name
		ADDED from src\main\AndroidManifest.xml:11:22-68
uses-permission#android.permission.WRITE_EXTERNAL_STORAGE
ADDED from src\main\AndroidManifest.xml:12:5-80
	android:name
		ADDED from src\main\AndroidManifest.xml:12:22-78
uses-permission#android.permission.CAPTURE_AUDIO_OUTPUT
ADDED from src\main\AndroidManifest.xml:13:5-78
	android:name
		ADDED from src\main\AndroidManifest.xml:13:22-76
uses-permission#android.permission.STORAGE
ADDED from src\main\AndroidManifest.xml:14:5-65
	android:name
		ADDED from src\main\AndroidManifest.xml:14:22-63
application
ADDED from src\main\AndroidManifest.xml:15:5-59:19
	android:label
		ADDED from src\main\AndroidManifest.xml:15:18-50
	android:icon
		ADDED from src\main\AndroidManifest.xml:15:51-80
provider#com.talentcodeworks.callrecorder.RecordingProvider
ADDED from src\main\AndroidManifest.xml:16:9-17:76
	android:authorities
		ADDED from src\main\AndroidManifest.xml:17:19-73
	android:name
		ADDED from src\main\AndroidManifest.xml:16:19-52
receiver#com.talentcodeworks.callrecorder.CallBroadcastReceiver
ADDED from src\main\AndroidManifest.xml:18:9-26:20
	android:enabled
		ADDED from src\main\AndroidManifest.xml:19:19-41
	android:exported
		ADDED from src\main\AndroidManifest.xml:20:19-42
	android:name
		ADDED from src\main\AndroidManifest.xml:18:19-56
intent-filter#android.intent.action.NEW_OUTGOING_CALL+android.intent.action.PHONE_STATE
ADDED from src\main\AndroidManifest.xml:21:11-25:27
action#android.intent.action.NEW_OUTGOING_CALL
ADDED from src\main\AndroidManifest.xml:22:13-78
	android:name
		ADDED from src\main\AndroidManifest.xml:22:21-75
action#android.intent.action.PHONE_STATE
ADDED from src\main\AndroidManifest.xml:23:13-72
	android:name
		ADDED from src\main\AndroidManifest.xml:23:21-69
activity#com.talentcodeworks.callrecorder.CallRecorder
ADDED from src\main\AndroidManifest.xml:28:9-34:20
	android:label
		ADDED from src\main\AndroidManifest.xml:29:19-51
	android:name
		ADDED from src\main\AndroidManifest.xml:28:19-47
intent-filter#android.intent.action.MAIN+android.intent.category.LAUNCHER
ADDED from src\main\AndroidManifest.xml:30:13-33:29
action#android.intent.action.MAIN
ADDED from src\main\AndroidManifest.xml:31:17-69
	android:name
		ADDED from src\main\AndroidManifest.xml:31:25-66
category#android.intent.category.LAUNCHER
ADDED from src\main\AndroidManifest.xml:32:17-77
	android:name
		ADDED from src\main\AndroidManifest.xml:32:27-74
activity#com.talentcodeworks.callrecorder.CallLog
ADDED from src\main\AndroidManifest.xml:36:9-38:20
	android:label
		ADDED from src\main\AndroidManifest.xml:37:19-42
	android:name
		ADDED from src\main\AndroidManifest.xml:36:19-42
activity#com.talentcodeworks.callrecorder.CallPlayer
ADDED from src\main\AndroidManifest.xml:40:9-46:20
	android:label
		ADDED from src\main\AndroidManifest.xml:41:19-45
	android:name
		ADDED from src\main\AndroidManifest.xml:40:19-45
intent-filter#android.intent.action.VIEW
ADDED from src\main\AndroidManifest.xml:42:11-45:27
action#android.intent.action.VIEW
ADDED from src\main\AndroidManifest.xml:43:13-65
	android:name
		ADDED from src\main\AndroidManifest.xml:43:21-62
data
ADDED from src\main\AndroidManifest.xml:44:13-48
	android:mimeType
		ADDED from src\main\AndroidManifest.xml:44:19-45
activity#com.talentcodeworks.callrecorder.Preferences
ADDED from src\main\AndroidManifest.xml:48:9-52:20
	android:name
		ADDED from src\main\AndroidManifest.xml:48:19-46
intent-filter#com.talentcodeworks.callrecorder.ACTION_USER_PREFERENCE
ADDED from src\main\AndroidManifest.xml:49:13-51:29
action#com.talentcodeworks.callrecorder.ACTION_USER_PREFERENCE
ADDED from src\main\AndroidManifest.xml:50:17-98
	android:name
		ADDED from src\main\AndroidManifest.xml:50:25-95
service#com.talentcodeworks.callrecorder.RecordService
ADDED from src\main\AndroidManifest.xml:54:9-55:19
	android:name
		ADDED from src\main\AndroidManifest.xml:54:18-47
service#com.talentcodeworks.callrecorder.PlayService
ADDED from src\main\AndroidManifest.xml:57:9-58:19
	android:name
		ADDED from src\main\AndroidManifest.xml:57:18-45